C:\USERS\GULRAIZ\DOCUMENTS\VISUAL STUDIO 2012\PROJECTS\LOKHEEDMARTIN\LOKHEEDMARTIN\DEBUG\CAMERA.OBJ
C:\USERS\GULRAIZ\DOCUMENTS\VISUAL STUDIO 2012\PROJECTS\LOKHEEDMARTIN\LOKHEEDMARTIN\DEBUG\MAIN.OBJ
C:\USERS\GULRAIZ\DOCUMENTS\VISUAL STUDIO 2012\PROJECTS\LOKHEEDMARTIN\LOKHEEDMARTIN\DEBUG\PTZCTRL.OBJ
C:\USERS\GULRAIZ\DOCUMENTS\VISUAL STUDIO 2012\PROJECTS\LOKHEEDMARTIN\LOKHEEDMARTIN\DEBUG\VC110.PDB
C:\USERS\GULRAIZ\DOCUMENTS\VISUAL STUDIO 2012\PROJECTS\LOKHEEDMARTIN\LOKHEEDMARTIN\DEBUG\HOG.OBJ
C:\USERS\GULRAIZ\DOCUMENTS\VISUAL STUDIO 2012\PROJECTS\LOKHEEDMARTIN\DEBUG\LOKHEEDMARTIN.ILK
C:\USERS\GULRAIZ\DOCUMENTS\VISUAL STUDIO 2012\PROJECTS\LOKHEEDMARTIN\DEBUG\LOKHEEDMARTIN.EXE
C:\USERS\GULRAIZ\DOCUMENTS\VISUAL STUDIO 2012\PROJECTS\LOKHEEDMARTIN\DEBUG\LOKHEEDMARTIN.PDB
C:\Users\Gulraiz\Documents\Visual Studio 2012\Projects\LokheedMartin\LokheedMartin\Debug\Camera.obj
C:\Users\Gulraiz\Documents\Visual Studio 2012\Projects\LokheedMartin\LokheedMartin\Debug\HOG.obj
C:\Users\Gulraiz\Documents\Visual Studio 2012\Projects\LokheedMartin\LokheedMartin\Debug\Main.obj
C:\Users\Gulraiz\Documents\Visual Studio 2012\Projects\LokheedMartin\LokheedMartin\Debug\PTzCtrl.obj
C:\Users\Gulraiz\Documents\Visual Studio 2012\Projects\LokheedMartin\LokheedMartin\Debug\cl.command.1.tlog
C:\Users\Gulraiz\Documents\Visual Studio 2012\Projects\LokheedMartin\LokheedMartin\Debug\CL.read.1.tlog
C:\Users\Gulraiz\Documents\Visual Studio 2012\Projects\LokheedMartin\LokheedMartin\Debug\CL.write.1.tlog
C:\Users\Gulraiz\Documents\Visual Studio 2012\Projects\LokheedMartin\LokheedMartin\Debug\link-cvtres.read.1.tlog
C:\Users\Gulraiz\Documents\Visual Studio 2012\Projects\LokheedMartin\LokheedMartin\Debug\link-cvtres.write.1.tlog
C:\Users\Gulraiz\Documents\Visual Studio 2012\Projects\LokheedMartin\LokheedMartin\Debug\link-rc.read.1.tlog
C:\Users\Gulraiz\Documents\Visual Studio 2012\Projects\LokheedMartin\LokheedMartin\Debug\link-rc.write.1.tlog
C:\Users\Gulraiz\Documents\Visual Studio 2012\Projects\LokheedMartin\LokheedMartin\Debug\link.command.1.tlog
C:\Users\Gulraiz\Documents\Visual Studio 2012\Projects\LokheedMartin\LokheedMartin\Debug\link.read.1.tlog
C:\Users\Gulraiz\Documents\Visual Studio 2012\Projects\LokheedMartin\LokheedMartin\Debug\link.write.1.tlog
C:\Users\Gulraiz\Documents\Visual Studio 2012\Projects\LokheedMartin\LokheedMartin\Debug\vc110.idb
C:\Users\Gulraiz\Documents\Visual Studio 2012\Projects\LokheedMartin\LokheedMartin\Debug\vc110.pdb
C:\Users\Gulraiz\Documents\Visual Studio 2012\Projects\LokheedMartin\Debug\LokheedMartin.pdb
C:\Users\Gulraiz\Documents\Visual Studio 2012\Projects\LokheedMartin\Debug\LokheedMartin.exe
C:\Users\Gulraiz\Documents\Visual Studio 2012\Projects\LokheedMartin\Debug\LokheedMartin.ilk
